<?xml version="1.0" encoding="UTF-8"?>
<testng-results skipped="0" failed="0" total="1" passed="1">
  <reporter-output>
  </reporter-output>
  <suite name="Default suite" duration-ms="40991" started-at="2018-02-20T17:46:08Z" finished-at="2018-02-20T17:46:49Z">
    <groups>
    </groups>
    <test name="Default test" duration-ms="40991" started-at="2018-02-20T17:46:08Z" finished-at="2018-02-20T17:46:49Z">
      <class name="com.test.automation.uiAutomation.homepage.TC_001_VerifyLoginWithInvalidCredentails">
        <test-method status="PASS" signature="setUp()[pri:0, instance:com.test.automation.uiAutomation.homepage.TC_001_VerifyLoginWithInvalidCredentails@685cb137]" name="setUp" is-config="true" duration-ms="16790" started-at="2018-02-20T23:16:08Z" finished-at="2018-02-20T23:16:25Z">
          <reporter-output>
          </reporter-output>
        </test-method> <!-- setUp -->
        <test-method status="PASS" signature="verifyLoginWithInvalidCredentails()[pri:0, instance:com.test.automation.uiAutomation.homepage.TC_001_VerifyLoginWithInvalidCredentails@685cb137]" name="verifyLoginWithInvalidCredentails" duration-ms="23998" started-at="2018-02-20T23:16:25Z" finished-at="2018-02-20T23:16:49Z">
          <reporter-output>
          </reporter-output>
        </test-method> <!-- verifyLoginWithInvalidCredentails -->
        <test-method status="PASS" signature="endTest()[pri:0, instance:com.test.automation.uiAutomation.homepage.TC_001_VerifyLoginWithInvalidCredentails@685cb137]" name="endTest" is-config="true" duration-ms="185" started-at="2018-02-20T23:16:49Z" finished-at="2018-02-20T23:16:49Z">
          <reporter-output>
          </reporter-output>
        </test-method> <!-- endTest -->
      </class> <!-- com.test.automation.uiAutomation.homepage.TC_001_VerifyLoginWithInvalidCredentails -->
    </test> <!-- Default test -->
  </suite> <!-- Default suite -->
</testng-results>
