<?xml version="1.0" encoding="UTF-8"?>
<testng-results skipped="0" failed="1" total="1" passed="0">
  <reporter-output>
  </reporter-output>
  <suite name="Default suite" duration-ms="83970" started-at="2018-02-21T13:07:13Z" finished-at="2018-02-21T13:08:37Z">
    <groups>
    </groups>
    <test name="Default test" duration-ms="83970" started-at="2018-02-21T13:07:13Z" finished-at="2018-02-21T13:08:37Z">
      <class name="com.test.automation.uiAutomation.homepage.TC_002_VerifyRegistration">
        <test-method status="PASS" signature="setUp()[pri:0, instance:com.test.automation.uiAutomation.homepage.TC_002_VerifyRegistration@4dfa3a9d]" name="setUp" is-config="true" duration-ms="76476" started-at="2018-02-21T18:37:13Z" finished-at="2018-02-21T18:38:30Z">
          <reporter-output>
          </reporter-output>
        </test-method> <!-- setUp -->
        <test-method status="FAIL" signature="verifyLoginWithInvalidCredentails()[pri:0, instance:com.test.automation.uiAutomation.homepage.TC_002_VerifyRegistration@4dfa3a9d]" name="verifyLoginWithInvalidCredentails" duration-ms="6479" started-at="2018-02-21T18:38:30Z" finished-at="2018-02-21T18:38:36Z">
          <exception class="java.lang.ClassCastException">
            <message>
              <![CDATA[com.sun.proxy.$Proxy9 cannot be cast to org.openqa.selenium.support.ui.Select]]>
            </message>
            <full-stacktrace>
              <![CDATA[java.lang.ClassCastException: com.sun.proxy.$Proxy9 cannot be cast to org.openqa.selenium.support.ui.Select
	at com.test.automation.uiAutomation.uiAction.HomePage.registarUser(HomePage.java:130)
	at com.test.automation.uiAutomation.homepage.TC_002_VerifyRegistration.verifyLoginWithInvalidCredentails(TC_002_VerifyRegistration.java:26)
	at sun.reflect.NativeMethodAccessorImpl.invoke0(Native Method)
	at sun.reflect.NativeMethodAccessorImpl.invoke(NativeMethodAccessorImpl.java:62)
	at sun.reflect.DelegatingMethodAccessorImpl.invoke(DelegatingMethodAccessorImpl.java:43)
	at java.lang.reflect.Method.invoke(Method.java:498)
	at org.testng.internal.MethodInvocationHelper.invokeMethod(MethodInvocationHelper.java:80)
	at org.testng.internal.Invoker.invokeMethod(Invoker.java:714)
	at org.testng.internal.Invoker.invokeTestMethod(Invoker.java:901)
	at org.testng.internal.Invoker.invokeTestMethods(Invoker.java:1231)
	at org.testng.internal.TestMethodWorker.invokeTestMethods(TestMethodWorker.java:127)
	at org.testng.internal.TestMethodWorker.run(TestMethodWorker.java:111)
	at org.testng.TestRunner.privateRun(TestRunner.java:767)
	at org.testng.TestRunner.run(TestRunner.java:617)
	at org.testng.SuiteRunner.runTest(SuiteRunner.java:334)
	at org.testng.SuiteRunner.runSequentially(SuiteRunner.java:329)
	at org.testng.SuiteRunner.privateRun(SuiteRunner.java:291)
	at org.testng.SuiteRunner.run(SuiteRunner.java:240)
	at org.testng.SuiteRunnerWorker.runSuite(SuiteRunnerWorker.java:52)
	at org.testng.SuiteRunnerWorker.run(SuiteRunnerWorker.java:86)
	at org.testng.TestNG.runSuitesSequentially(TestNG.java:1198)
	at org.testng.TestNG.runSuitesLocally(TestNG.java:1123)
	at org.testng.TestNG.run(TestNG.java:1031)
	at org.testng.remote.AbstractRemoteTestNG.run(AbstractRemoteTestNG.java:114)
	at org.testng.remote.RemoteTestNG.initAndRun(RemoteTestNG.java:251)
	at org.testng.remote.RemoteTestNG.main(RemoteTestNG.java:77)
]]>
            </full-stacktrace>
          </exception> <!-- java.lang.ClassCastException -->
          <reporter-output>
          </reporter-output>
        </test-method> <!-- verifyLoginWithInvalidCredentails -->
        <test-method status="PASS" signature="endTest()[pri:0, instance:com.test.automation.uiAutomation.homepage.TC_002_VerifyRegistration@4dfa3a9d]" name="endTest" is-config="true" duration-ms="965" started-at="2018-02-21T18:38:36Z" finished-at="2018-02-21T18:38:37Z">
          <reporter-output>
          </reporter-output>
        </test-method> <!-- endTest -->
      </class> <!-- com.test.automation.uiAutomation.homepage.TC_002_VerifyRegistration -->
    </test> <!-- Default test -->
  </suite> <!-- Default suite -->
</testng-results>
